12-05 13:21:13 com_github_MitjaNemec_ReplicateLayout.action_replicate_layout 392:Plugin executed on: 'darwin'
12-05 13:21:13 com_github_MitjaNemec_ReplicateLayout.action_replicate_layout 393:Plugin executed with python version: '3.9.13 (v3.9.13:6de2ca5339, May 17 2022, 11:37:23) \n[Clang 13.0.0 (clang-1300.0.29.30)]'
12-05 13:21:13 com_github_MitjaNemec_ReplicateLayout.action_replicate_layout 394:KiCad build version: 8.0.2
12-05 13:21:13 com_github_MitjaNemec_ReplicateLayout.action_replicate_layout 395:Plugin version: 3.0.3
12-05 13:21:13 com_github_MitjaNemec_ReplicateLayout.action_replicate_layout 396:Frame repr: <wx._core.Frame object at 0x36359cdc0>
12-05 13:21:13 com_github_MitjaNemec_ReplicateLayout.action_replicate_layout 420:Preparing replicator with TC2 as a reference
12-05 13:21:13 com_github_MitjaNemec_ReplicateLayout.replicate_layout 117:getting a list of all footprints on board
12-05 13:21:13 com_github_MitjaNemec_ReplicateLayout.action_replicate_layout 468:source anchor footprint is 'TC2'
Located on: ['TC1']
With filenames: ['tc.kicad_sch']
With sheet_id:['TC1']
12-05 13:21:13 com_github_MitjaNemec_ReplicateLayout.action_replicate_layout 475:Corresponding footprints are 
[('TC2', ['TC1']), ('TC1', ['TC0'])]
12-05 13:21:13 com_github_MitjaNemec_ReplicateLayout.action_replicate_layout 487:Showing dialog
12-05 13:21:13 com_github_MitjaNemec_ReplicateLayout.replicate_layout 472:constructing a list of sheets suitable for replication on level:'TC1', file:'tc.kicad_sch'
12-05 13:21:13 com_github_MitjaNemec_ReplicateLayout.replicate_layout 509:suitable sheets are:[['TC0']]
12-05 13:21:13 com_github_MitjaNemec_ReplicateLayout.replicate_layout 1507:Level selected: ['TC1']
12-05 13:21:13 com_github_MitjaNemec_ReplicateLayout.replicate_layout 1331:Filtering list of tracks
12-05 13:21:13 com_github_MitjaNemec_ReplicateLayout.action_replicate_layout 493:Toolbar position: wx.Point(3806, 87)
12-05 13:21:13 com_github_MitjaNemec_ReplicateLayout.action_replicate_layout 498:Dialog position: wx.Point(3367, 87)
12-05 13:21:18 com_github_MitjaNemec_ReplicateLayout.replicate_layout 472:constructing a list of sheets suitable for replication on level:'TC1', file:'tc.kicad_sch'
12-05 13:21:18 com_github_MitjaNemec_ReplicateLayout.replicate_layout 509:suitable sheets are:[['TC0']]
12-05 13:21:18 com_github_MitjaNemec_ReplicateLayout.action_replicate_layout 240:Replicating layout
12-05 13:21:18 com_github_MitjaNemec_ReplicateLayout.replicate_layout 288:Starting replication of sheets: [['TC0']]
on level: ['TC1']
with tracks=True, zone=True, text=True, text=True, intersecting=False, remove=False, locked footprints=False, group_only=False
12-05 13:21:18 root 332:updating GUI message: 'Preparing for replication'
12-05 13:21:18 com_github_MitjaNemec_ReplicateLayout.replicate_layout 358:Getting the list of source footprints
12-05 13:21:18 root 337:updating GUI with: 0
12-05 13:21:18 com_github_MitjaNemec_ReplicateLayout.replicate_layout 368:Getting the list of all the remaining footprints
12-05 13:21:18 com_github_MitjaNemec_ReplicateLayout.replicate_layout 375:Getting source tracks
12-05 13:21:18 com_github_MitjaNemec_ReplicateLayout.replicate_layout 1331:Filtering list of tracks
12-05 13:21:18 com_github_MitjaNemec_ReplicateLayout.replicate_layout 379:Getting source zones
12-05 13:21:18 com_github_MitjaNemec_ReplicateLayout.replicate_layout 383:Getting source text items
12-05 13:21:18 root 337:updating GUI with: 66
12-05 13:21:18 com_github_MitjaNemec_ReplicateLayout.replicate_layout 387:Getting source drawing items
12-05 13:21:18 root 332:updating GUI message: 'Replicating footprints'
12-05 13:21:18 com_github_MitjaNemec_ReplicateLayout.replicate_layout 861:Replicating footprints
12-05 13:21:18 root 337:updating GUI with: 0
12-05 13:21:18 com_github_MitjaNemec_ReplicateLayout.replicate_layout 868:Replicating footprints on sheet ['TC0']
12-05 13:21:18 com_github_MitjaNemec_ReplicateLayout.replicate_layout 985:Src text UUid:fdc8875d-909a-4115-b7de-077a60bea6f1
12-05 13:21:18 com_github_MitjaNemec_ReplicateLayout.replicate_layout 986:Dst text UUid:173b1550-9f11-4e52-9f45-2ca575101559
12-05 13:21:18 com_github_MitjaNemec_ReplicateLayout.replicate_layout 985:Src text UUid:04147a83-3249-4234-8ac0-19855998c13c
12-05 13:21:18 com_github_MitjaNemec_ReplicateLayout.replicate_layout 986:Dst text UUid:fd205334-02c3-4d46-acb0-884347987506
12-05 13:21:18 com_github_MitjaNemec_ReplicateLayout.replicate_layout 985:Src text UUid:e88bf226-84fa-4806-b017-60c0f646ef7f
12-05 13:21:18 com_github_MitjaNemec_ReplicateLayout.replicate_layout 986:Dst text UUid:203bf637-3b0a-459b-a390-371a80f16fb1
12-05 13:21:18 com_github_MitjaNemec_ReplicateLayout.replicate_layout 985:Src text UUid:5fac309e-9b1d-4285-9c34-df1d34507f81
12-05 13:21:18 com_github_MitjaNemec_ReplicateLayout.replicate_layout 986:Dst text UUid:7a8de50a-8671-4a2f-95bd-d28ca9aaa510
12-05 13:21:18 com_github_MitjaNemec_ReplicateLayout.replicate_layout 985:Src text UUid:7026cf52-f4c6-4a44-9bbb-7b06c4b8e9e1
12-05 13:21:18 com_github_MitjaNemec_ReplicateLayout.replicate_layout 986:Dst text UUid:b4dd52a8-92e4-4f8e-98d6-cae96bc34d1c
12-05 13:21:18 com_github_MitjaNemec_ReplicateLayout.replicate_layout 985:Src text UUid:91b4fa49-832a-4d37-a156-76446d619e1a
12-05 13:21:18 com_github_MitjaNemec_ReplicateLayout.replicate_layout 986:Dst text UUid:c63ac1e8-3502-42cf-8e45-191d57e48b27
12-05 13:21:18 com_github_MitjaNemec_ReplicateLayout.replicate_layout 985:Src text UUid:5fce0120-4065-478a-a828-9690024501eb
12-05 13:21:18 com_github_MitjaNemec_ReplicateLayout.replicate_layout 986:Dst text UUid:0fc13df1-a54e-4610-8dd6-ef310260341b
12-05 13:21:18 com_github_MitjaNemec_ReplicateLayout.replicate_layout 985:Src text UUid:c8c5a7b0-9081-43cf-aa0a-f6b0767a15b8
12-05 13:21:18 com_github_MitjaNemec_ReplicateLayout.replicate_layout 986:Dst text UUid:f9462fa0-4cb5-4d23-9f3d-6ec5f6cf9667
12-05 13:21:18 com_github_MitjaNemec_ReplicateLayout.replicate_layout 985:Src text UUid:2ff4f9d0-2ffd-4fe4-a9ee-e0c0bde2cf86
12-05 13:21:18 com_github_MitjaNemec_ReplicateLayout.replicate_layout 986:Dst text UUid:abd99390-d459-41d2-b1ec-be3f180c0e88
12-05 13:21:18 com_github_MitjaNemec_ReplicateLayout.replicate_layout 985:Src text UUid:c6506aad-5775-4d9f-a79d-8f8a8ebfeb35
12-05 13:21:18 com_github_MitjaNemec_ReplicateLayout.replicate_layout 986:Dst text UUid:eba595c2-c3f6-4995-9907-bcc844b1c0e7
12-05 13:21:18 com_github_MitjaNemec_ReplicateLayout.replicate_layout 985:Src text UUid:7507d0aa-404a-487b-ab52-766c3008d749
12-05 13:21:18 com_github_MitjaNemec_ReplicateLayout.replicate_layout 986:Dst text UUid:10175993-328c-4c69-ae62-b54c88b8c88e
12-05 13:21:18 com_github_MitjaNemec_ReplicateLayout.replicate_layout 985:Src text UUid:9b69d3c2-fbb2-43bc-a197-2a68e8345640
12-05 13:21:18 com_github_MitjaNemec_ReplicateLayout.replicate_layout 986:Dst text UUid:300e20f8-c99a-4277-9501-beae417aa53a
12-05 13:21:18 com_github_MitjaNemec_ReplicateLayout.replicate_layout 985:Src text UUid:f2d57b7c-5313-4035-b17e-f15685ef3018
12-05 13:21:18 com_github_MitjaNemec_ReplicateLayout.replicate_layout 986:Dst text UUid:8f8a717f-543e-462b-9039-0e5baa8da365
12-05 13:21:18 com_github_MitjaNemec_ReplicateLayout.replicate_layout 985:Src text UUid:ad02f18c-a7e0-4cd5-b5ae-38155fe105d1
12-05 13:21:18 com_github_MitjaNemec_ReplicateLayout.replicate_layout 986:Dst text UUid:4822fc6c-5c18-413d-8d5b-3964f201cbb0
12-05 13:21:18 com_github_MitjaNemec_ReplicateLayout.replicate_layout 985:Src text UUid:f5e1fbca-ef7d-4605-b36c-6543242e7151
12-05 13:21:18 com_github_MitjaNemec_ReplicateLayout.replicate_layout 986:Dst text UUid:9cd6fd7b-e037-4e9e-b1a7-84c227536497
12-05 13:21:18 com_github_MitjaNemec_ReplicateLayout.replicate_layout 985:Src text UUid:08f7f760-5cc7-4609-aaf8-3f7ec0ff6f9f
12-05 13:21:18 com_github_MitjaNemec_ReplicateLayout.replicate_layout 986:Dst text UUid:2d9698f0-12bc-4a4e-a943-8f54ee96a978
12-05 13:21:18 com_github_MitjaNemec_ReplicateLayout.replicate_layout 985:Src text UUid:64226ee6-bcaf-4e2c-a88b-303985bf36e7
12-05 13:21:18 com_github_MitjaNemec_ReplicateLayout.replicate_layout 986:Dst text UUid:546dad95-21c6-4098-8fef-0bbc8343f5b0
12-05 13:21:18 com_github_MitjaNemec_ReplicateLayout.replicate_layout 985:Src text UUid:1308e10a-6595-4651-9033-46584591112e
12-05 13:21:18 com_github_MitjaNemec_ReplicateLayout.replicate_layout 986:Dst text UUid:9e894902-1596-4cf1-8dd1-c122ff85e4f3
12-05 13:21:18 com_github_MitjaNemec_ReplicateLayout.replicate_layout 985:Src text UUid:2dedc029-a76f-47f7-b8e8-08b9087dc125
12-05 13:21:18 com_github_MitjaNemec_ReplicateLayout.replicate_layout 986:Dst text UUid:eef2a8bd-603d-48a3-93ff-5e2af463f27e
12-05 13:21:18 com_github_MitjaNemec_ReplicateLayout.replicate_layout 985:Src text UUid:9e55639d-5daf-4ce2-8ff2-b8c1680c3f3f
12-05 13:21:18 com_github_MitjaNemec_ReplicateLayout.replicate_layout 986:Dst text UUid:1eb13eb5-947b-4379-9037-daee38a3307b
12-05 13:21:18 com_github_MitjaNemec_ReplicateLayout.replicate_layout 985:Src text UUid:dec94fc9-259e-4e1d-8eba-14f2c27f5b96
12-05 13:21:18 com_github_MitjaNemec_ReplicateLayout.replicate_layout 986:Dst text UUid:921653a0-7d75-40f5-af81-80deb12cc621
12-05 13:21:18 root 332:updating GUI message: 'Replicating tracks'
12-05 13:21:18 com_github_MitjaNemec_ReplicateLayout.replicate_layout 1009:Replicating tracks
12-05 13:21:18 com_github_MitjaNemec_ReplicateLayout.replicate_layout 1015:Replicating tracks on sheet ['TC0']
12-05 13:21:18 com_github_MitjaNemec_ReplicateLayout.replicate_layout 792:Net pairs for sheet ['TC0'] :[('+3.3V', '+3.3V'), ('Net-(U49-T+)', 'Net-(U30-T+)'), ('unconnected-(U49-Pad8)', 'unconnected-(U30-Pad8)'), ('Net-(TC2--)', 'Net-(TC1--)'), ('', ''), ('Net-(U49-T-)', 'Net-(U30-T-)'), ('GND', 'GND'), ('Net-(TC2-+)', 'Net-(TC1-+)'), ('TC1_nCS', 'TC0_nCS'), ('TC0_MISO', 'TC0_MISO'), ('TC0_SCK', 'TC0_SCK')]
12-05 13:21:18 root 332:updating GUI message: 'Replicating zones'
12-05 13:21:18 com_github_MitjaNemec_ReplicateLayout.replicate_layout 1079:Replicating zones
12-05 13:21:18 com_github_MitjaNemec_ReplicateLayout.replicate_layout 1086:Replicating zones on sheet ['TC0']
12-05 13:21:18 com_github_MitjaNemec_ReplicateLayout.replicate_layout 792:Net pairs for sheet ['TC0'] :[('+3.3V', '+3.3V'), ('Net-(U49-T+)', 'Net-(U30-T+)'), ('unconnected-(U49-Pad8)', 'unconnected-(U30-Pad8)'), ('Net-(TC2--)', 'Net-(TC1--)'), ('', ''), ('Net-(U49-T-)', 'Net-(U30-T-)'), ('GND', 'GND'), ('Net-(TC2-+)', 'Net-(TC1-+)'), ('TC1_nCS', 'TC0_nCS'), ('TC0_MISO', 'TC0_MISO'), ('TC0_SCK', 'TC0_SCK')]
12-05 13:21:18 root 332:updating GUI message: 'Replicating text'
12-05 13:21:18 com_github_MitjaNemec_ReplicateLayout.replicate_layout 1168:Replicating text
12-05 13:21:18 com_github_MitjaNemec_ReplicateLayout.replicate_layout 1175:Replicating text on sheet ['TC0']
12-05 13:21:18 root 332:updating GUI message: 'Replicating drawings'
12-05 13:21:18 com_github_MitjaNemec_ReplicateLayout.replicate_layout 1219:Replicating drawings
12-05 13:21:18 com_github_MitjaNemec_ReplicateLayout.replicate_layout 1225:Replicating drawings on sheet ['TC0']
12-05 13:21:18 com_github_MitjaNemec_ReplicateLayout.action_replicate_layout 256:Replication complete
