11-29 19:33:48 com_github_MitjaNemec_ReplicateLayout.action_replicate_layout 409:Plugin executed on: 'linux'
11-29 19:33:48 com_github_MitjaNemec_ReplicateLayout.action_replicate_layout 410:Plugin executed with python version: '3.13.5 (main, Jun 25 2025, 18:55:22) [GCC 14.2.0]'
11-29 19:33:48 com_github_MitjaNemec_ReplicateLayout.action_replicate_layout 411:KiCad build version: 9.0.2+dfsg-1
11-29 19:33:48 com_github_MitjaNemec_ReplicateLayout.action_replicate_layout 412:Plugin version: 4.0.3
11-29 19:33:48 com_github_MitjaNemec_ReplicateLayout.action_replicate_layout 413:Frame repr: <wx._core.Frame object at 0x7fe0fedd5d90>
11-29 19:33:49 com_github_MitjaNemec_ReplicateLayout.action_replicate_layout 437:Preparing replicator with J6 as a reference
11-29 19:33:49 com_github_MitjaNemec_ReplicateLayout.replicate_layout 117:getting a list of all footprints on board
11-29 19:33:49 com_github_MitjaNemec_ReplicateLayout.action_replicate_layout 485:source anchor footprint is 'J6'
Located on: ['/PT0/']
With filenames: ['pt.kicad_sch']
With sheet_id:['/PT0/']
11-29 19:33:49 com_github_MitjaNemec_ReplicateLayout.action_replicate_layout 492:Corresponding footprints are 
[('J12', ['/PT2/']), ('J13', ['/PT3/']), ('J19', ['/PT5/']), ('J18', ['/PT4/']), ('J11', ['/PT1/']), ('J6', ['/PT0/'])]
11-29 19:33:49 com_github_MitjaNemec_ReplicateLayout.action_replicate_layout 504:Showing dialog
11-29 19:33:49 com_github_MitjaNemec_ReplicateLayout.replicate_layout 472:constructing a list of sheets suitable for replication on level:'/PT0/', file:'pt.kicad_sch'
11-29 19:33:49 com_github_MitjaNemec_ReplicateLayout.replicate_layout 509:suitable sheets are:[['/PT1/'], ['/PT2/'], ['/PT3/'], ['/PT4/'], ['/PT5/']]
11-29 19:33:49 com_github_MitjaNemec_ReplicateLayout.replicate_layout 1512:Level selected: ['/PT0/']
11-29 19:33:49 com_github_MitjaNemec_ReplicateLayout.replicate_layout 1336:Filtering list of tracks
11-29 19:33:50 com_github_MitjaNemec_ReplicateLayout.action_replicate_layout 510:Toolbar position: wx.Point(1593, 159)
11-29 19:33:50 com_github_MitjaNemec_ReplicateLayout.action_replicate_layout 515:Dialog position: wx.Point(1154, 159)
11-29 19:33:53 com_github_MitjaNemec_ReplicateLayout.replicate_layout 472:constructing a list of sheets suitable for replication on level:'/PT0/', file:'pt.kicad_sch'
11-29 19:33:53 com_github_MitjaNemec_ReplicateLayout.replicate_layout 509:suitable sheets are:[['/PT1/'], ['/PT2/'], ['/PT3/'], ['/PT4/'], ['/PT5/']]
11-29 19:33:53 com_github_MitjaNemec_ReplicateLayout.action_replicate_layout 248:Replicating layout
11-29 19:33:53 com_github_MitjaNemec_ReplicateLayout.replicate_layout 288:Starting replication of sheets: [['/PT1/'], ['/PT2/'], ['/PT3/'], ['/PT4/'], ['/PT5/']]
on level: ['/PT0/']
with tracks=True, zone=True, text=True, text=True, intersecting=False, remove=False, locked footprints=False, group_only=False
11-29 19:33:53 root 340:updating GUI message: 'Preparing for replication'
11-29 19:33:53 root 345:updating GUI with: 0
11-29 19:33:53 com_github_MitjaNemec_ReplicateLayout.replicate_layout 358:Getting the list of source footprints
11-29 19:33:53 root 345:updating GUI with: 0
11-29 19:33:53 com_github_MitjaNemec_ReplicateLayout.replicate_layout 368:Getting the list of all the remaining footprints
11-29 19:33:53 com_github_MitjaNemec_ReplicateLayout.replicate_layout 375:Getting source tracks
11-29 19:33:53 com_github_MitjaNemec_ReplicateLayout.replicate_layout 1336:Filtering list of tracks
11-29 19:33:53 com_github_MitjaNemec_ReplicateLayout.replicate_layout 379:Getting source zones
11-29 19:33:53 root 345:updating GUI with: 50
11-29 19:33:53 com_github_MitjaNemec_ReplicateLayout.replicate_layout 383:Getting source text items
11-29 19:33:53 root 345:updating GUI with: 66
11-29 19:33:53 com_github_MitjaNemec_ReplicateLayout.replicate_layout 387:Getting source drawing items
11-29 19:33:53 root 345:updating GUI with: 83
11-29 19:33:53 root 340:updating GUI message: 'Replicating footprints'
11-29 19:33:53 root 345:updating GUI with: 0
11-29 19:33:53 com_github_MitjaNemec_ReplicateLayout.replicate_layout 863:Replicating footprints
11-29 19:33:53 com_github_MitjaNemec_ReplicateLayout.replicate_layout 870:Replicating footprints on sheet ['/PT1/']
11-29 19:33:53 com_github_MitjaNemec_ReplicateLayout.replicate_layout 835:Src fp.id: '38EBED42-B15F-43FF-A461-8D733FA477B9'
11-29 19:33:53 com_github_MitjaNemec_ReplicateLayout.replicate_layout 839:Dst fp.id: '38EBED42-B15F-43FF-A461-8D733FA477B9'
11-29 19:33:53 com_github_MitjaNemec_ReplicateLayout.replicate_layout 888:Replicating footprint: 'R72'
11-29 19:33:53 com_github_MitjaNemec_ReplicateLayout.replicate_layout 835:Src fp.id: '52D9BD4D-516A-4ED9-A5C0-BAFE0143F7A3'
11-29 19:33:53 com_github_MitjaNemec_ReplicateLayout.replicate_layout 839:Dst fp.id: '52D9BD4D-516A-4ED9-A5C0-BAFE0143F7A3'
11-29 19:33:53 com_github_MitjaNemec_ReplicateLayout.replicate_layout 895:found match in dst footprint: 'R94'
11-29 19:33:53 com_github_MitjaNemec_ReplicateLayout.replicate_layout 990:Src text UUid:58572142-4347-4193-ba25-43b84ce94665
11-29 19:33:53 com_github_MitjaNemec_ReplicateLayout.replicate_layout 991:Dst text UUid:f2897120-fe0d-4b8b-8882-bea1ab4a9e66
11-29 19:33:53 com_github_MitjaNemec_ReplicateLayout.replicate_layout 990:Src text UUid:b32cbb31-9b42-455e-8a83-aeed7f964464
11-29 19:33:53 com_github_MitjaNemec_ReplicateLayout.replicate_layout 991:Dst text UUid:b993fedd-39ca-4b13-9d76-6086627ef6eb
11-29 19:33:53 com_github_MitjaNemec_ReplicateLayout.replicate_layout 990:Src text UUid:a48fd64e-3de5-47d9-8cc5-0f01597bac20
11-29 19:33:53 com_github_MitjaNemec_ReplicateLayout.replicate_layout 991:Dst text UUid:9ca82581-dc4a-43dc-80c0-1792d18905af
11-29 19:33:53 com_github_MitjaNemec_ReplicateLayout.replicate_layout 888:Replicating footprint: 'R123'
11-29 19:33:53 root 345:updating GUI with: 5
11-29 19:33:53 com_github_MitjaNemec_ReplicateLayout.replicate_layout 835:Src fp.id: '556F27A2-2F93-418E-8536-AA4EB3C88CD5'
11-29 19:33:54 com_github_MitjaNemec_ReplicateLayout.replicate_layout 839:Dst fp.id: '556F27A2-2F93-418E-8536-AA4EB3C88CD5'
11-29 19:33:54 com_github_MitjaNemec_ReplicateLayout.replicate_layout 895:found match in dst footprint: 'R135'
11-29 19:33:54 com_github_MitjaNemec_ReplicateLayout.replicate_layout 990:Src text UUid:09d072ae-c86b-44be-b8bd-23fff373621f
11-29 19:33:54 com_github_MitjaNemec_ReplicateLayout.replicate_layout 991:Dst text UUid:520d1204-094d-433e-bdd3-3ed3ebbf1419
11-29 19:33:54 com_github_MitjaNemec_ReplicateLayout.replicate_layout 990:Src text UUid:ed158b61-1b8b-4ea2-8edd-06ef58d9033a
11-29 19:33:54 com_github_MitjaNemec_ReplicateLayout.replicate_layout 991:Dst text UUid:e6e57e86-f1f2-46de-9d7d-ef833ed62578
11-29 19:33:54 com_github_MitjaNemec_ReplicateLayout.replicate_layout 990:Src text UUid:4eb2293d-61d0-422d-b706-030fe8fbc5dd
11-29 19:33:54 com_github_MitjaNemec_ReplicateLayout.replicate_layout 991:Dst text UUid:5d7aa7ab-db04-4d65-b38d-4282d12cd557
11-29 19:33:54 com_github_MitjaNemec_ReplicateLayout.replicate_layout 888:Replicating footprint: 'U28'
11-29 19:33:54 com_github_MitjaNemec_ReplicateLayout.replicate_layout 835:Src fp.id: 'EB700A3B-F765-4631-A983-08349E6BF621'
11-29 19:33:54 com_github_MitjaNemec_ReplicateLayout.replicate_layout 839:Dst fp.id: 'EB700A3B-F765-4631-A983-08349E6BF621'
11-29 19:33:54 com_github_MitjaNemec_ReplicateLayout.replicate_layout 895:found match in dst footprint: 'U36'
11-29 19:33:54 com_github_MitjaNemec_ReplicateLayout.replicate_layout 990:Src text UUid:4de1a9b8-a1af-41f3-96ad-16654e1fa126
11-29 19:33:54 com_github_MitjaNemec_ReplicateLayout.replicate_layout 991:Dst text UUid:1fbb9b68-92bd-42b3-aedf-8b026131fe72
11-29 19:33:54 com_github_MitjaNemec_ReplicateLayout.replicate_layout 990:Src text UUid:033f22e5-1a91-481c-950e-1802c97fb2cc
11-29 19:33:54 com_github_MitjaNemec_ReplicateLayout.replicate_layout 991:Dst text UUid:65bd68d9-1a3d-429e-a9fd-f7601b64fb58
11-29 19:33:54 com_github_MitjaNemec_ReplicateLayout.replicate_layout 990:Src text UUid:9b88ca83-ab69-4ec8-8247-a1e4a12df7da
11-29 19:33:54 com_github_MitjaNemec_ReplicateLayout.replicate_layout 991:Dst text UUid:1cd68809-f8b5-4e82-bd3e-ac88c0b97d49
11-29 19:33:54 com_github_MitjaNemec_ReplicateLayout.replicate_layout 888:Replicating footprint: 'C39'
11-29 19:33:54 com_github_MitjaNemec_ReplicateLayout.replicate_layout 835:Src fp.id: 'C6C633D8-25AF-4915-BE43-87FF2E48B009'
11-29 19:33:54 com_github_MitjaNemec_ReplicateLayout.replicate_layout 839:Dst fp.id: 'C6C633D8-25AF-4915-BE43-87FF2E48B009'
11-29 19:33:54 com_github_MitjaNemec_ReplicateLayout.replicate_layout 895:found match in dst footprint: 'C50'
11-29 19:33:54 com_github_MitjaNemec_ReplicateLayout.replicate_layout 990:Src text UUid:00dd7ffd-b40d-480b-a74c-ad8c68c970c3
11-29 19:33:54 com_github_MitjaNemec_ReplicateLayout.replicate_layout 991:Dst text UUid:ef554072-6705-4f2c-8c14-f16925e62229
11-29 19:33:54 com_github_MitjaNemec_ReplicateLayout.replicate_layout 990:Src text UUid:17d14e3a-8d5b-4dc6-b6d7-9adb28cae851
11-29 19:33:54 com_github_MitjaNemec_ReplicateLayout.replicate_layout 991:Dst text UUid:abdfe696-54ee-4dbf-bb74-779c944a6fa3
11-29 19:33:54 com_github_MitjaNemec_ReplicateLayout.replicate_layout 990:Src text UUid:a2bc0068-7e25-4772-a632-0b7d9aba9d98
11-29 19:33:54 com_github_MitjaNemec_ReplicateLayout.replicate_layout 991:Dst text UUid:adc3de0d-4f88-4d82-9f1a-8e61e7b80a5f
11-29 19:33:54 com_github_MitjaNemec_ReplicateLayout.replicate_layout 888:Replicating footprint: 'J6'
11-29 19:33:54 com_github_MitjaNemec_ReplicateLayout.replicate_layout 835:Src fp.id: '38EBED42-B15F-43FF-A461-8D733FA477B9'
11-29 19:33:54 com_github_MitjaNemec_ReplicateLayout.replicate_layout 839:Dst fp.id: '38EBED42-B15F-43FF-A461-8D733FA477B9'
11-29 19:33:54 com_github_MitjaNemec_ReplicateLayout.replicate_layout 895:found match in dst footprint: 'J11'
11-29 19:33:54 com_github_MitjaNemec_ReplicateLayout.replicate_layout 990:Src text UUid:8e29cebc-955b-4d4b-90ff-a66ea3a848bf
11-29 19:33:54 com_github_MitjaNemec_ReplicateLayout.replicate_layout 991:Dst text UUid:4aa1c618-60b3-4ca0-8d40-be2d0a6ddabf
11-29 19:33:54 com_github_MitjaNemec_ReplicateLayout.replicate_layout 990:Src text UUid:f71730ac-5e4e-488f-baf3-4801abf943b2
11-29 19:33:54 com_github_MitjaNemec_ReplicateLayout.replicate_layout 991:Dst text UUid:9aec3bb6-f200-4552-81e4-b80716b8ebf5
11-29 19:33:54 com_github_MitjaNemec_ReplicateLayout.replicate_layout 990:Src text UUid:a85a7341-1b69-4462-a3b5-e9e45002152a
11-29 19:33:54 com_github_MitjaNemec_ReplicateLayout.replicate_layout 991:Dst text UUid:ff559fed-7ce0-47e9-bd65-bedf88841a97
11-29 19:33:54 com_github_MitjaNemec_ReplicateLayout.replicate_layout 888:Replicating footprint: 'C120'
11-29 19:33:54 com_github_MitjaNemec_ReplicateLayout.replicate_layout 835:Src fp.id: 'FC599672-802E-42EB-AA87-0176BA6B31F3'
11-29 19:33:54 com_github_MitjaNemec_ReplicateLayout.replicate_layout 839:Dst fp.id: 'FC599672-802E-42EB-AA87-0176BA6B31F3'
11-29 19:33:54 com_github_MitjaNemec_ReplicateLayout.replicate_layout 895:found match in dst footprint: 'C121'
11-29 19:33:54 com_github_MitjaNemec_ReplicateLayout.replicate_layout 990:Src text UUid:6be65fe4-a3f2-497d-a0a3-4146230cc05c
11-29 19:33:54 com_github_MitjaNemec_ReplicateLayout.replicate_layout 991:Dst text UUid:04c791d2-eed5-49cc-b5b4-3cf0c0cf60b8
11-29 19:33:54 com_github_MitjaNemec_ReplicateLayout.replicate_layout 990:Src text UUid:7e6837d4-c546-48ad-b093-72f97e3e42e4
11-29 19:33:54 com_github_MitjaNemec_ReplicateLayout.replicate_layout 991:Dst text UUid:9c73dd6b-0cfc-45c8-abd4-0c91d694e444
11-29 19:33:54 com_github_MitjaNemec_ReplicateLayout.replicate_layout 990:Src text UUid:8bccd768-3576-4fe1-b55a-9eb7b3b79783
11-29 19:33:54 com_github_MitjaNemec_ReplicateLayout.replicate_layout 991:Dst text UUid:2a2eaf95-812c-4ee9-b5b4-c49db24e7b9b
11-29 19:33:54 com_github_MitjaNemec_ReplicateLayout.replicate_layout 888:Replicating footprint: 'D22'
11-29 19:33:54 root 345:updating GUI with: 20
11-29 19:33:54 com_github_MitjaNemec_ReplicateLayout.replicate_layout 835:Src fp.id: '15EA97C7-30CA-47E2-951D-37253E19FA68'
11-29 19:33:54 com_github_MitjaNemec_ReplicateLayout.replicate_layout 839:Dst fp.id: '15EA97C7-30CA-47E2-951D-37253E19FA68'
11-29 19:33:54 com_github_MitjaNemec_ReplicateLayout.replicate_layout 895:found match in dst footprint: 'D31'
11-29 19:33:54 com_github_MitjaNemec_ReplicateLayout.replicate_layout 990:Src text UUid:1db7d337-70b6-4b27-a057-de5b6e3368ea
11-29 19:33:54 com_github_MitjaNemec_ReplicateLayout.replicate_layout 991:Dst text UUid:d89060dc-b40e-4cba-909b-85697f9db15b
11-29 19:33:54 com_github_MitjaNemec_ReplicateLayout.replicate_layout 990:Src text UUid:4df6cf76-7a14-4f00-a355-dddfd572cf95
11-29 19:33:54 com_github_MitjaNemec_ReplicateLayout.replicate_layout 991:Dst text UUid:e5dc8db0-b0f7-4a1a-90b7-c5cbc4bb65b8
11-29 19:33:54 com_github_MitjaNemec_ReplicateLayout.replicate_layout 990:Src text UUid:20b04f18-4d3b-48b0-af13-6b40e25e66e2
11-29 19:33:54 com_github_MitjaNemec_ReplicateLayout.replicate_layout 991:Dst text UUid:c5488e9a-d899-4391-8d29-54f23533a237
11-29 19:33:54 com_github_MitjaNemec_ReplicateLayout.replicate_layout 870:Replicating footprints on sheet ['/PT2/']
11-29 19:33:54 com_github_MitjaNemec_ReplicateLayout.replicate_layout 835:Src fp.id: '38EBED42-B15F-43FF-A461-8D733FA477B9'
11-29 19:33:54 com_github_MitjaNemec_ReplicateLayout.replicate_layout 839:Dst fp.id: '38EBED42-B15F-43FF-A461-8D733FA477B9'
11-29 19:33:54 com_github_MitjaNemec_ReplicateLayout.replicate_layout 888:Replicating footprint: 'R72'
11-29 19:33:54 com_github_MitjaNemec_ReplicateLayout.replicate_layout 835:Src fp.id: '52D9BD4D-516A-4ED9-A5C0-BAFE0143F7A3'
11-29 19:33:54 com_github_MitjaNemec_ReplicateLayout.replicate_layout 839:Dst fp.id: '52D9BD4D-516A-4ED9-A5C0-BAFE0143F7A3'
11-29 19:33:54 com_github_MitjaNemec_ReplicateLayout.replicate_layout 895:found match in dst footprint: 'R97'
11-29 19:33:54 com_github_MitjaNemec_ReplicateLayout.replicate_layout 990:Src text UUid:58572142-4347-4193-ba25-43b84ce94665
11-29 19:33:54 com_github_MitjaNemec_ReplicateLayout.replicate_layout 991:Dst text UUid:4639e547-57a6-40a8-951c-29849da230d4
11-29 19:33:54 com_github_MitjaNemec_ReplicateLayout.replicate_layout 990:Src text UUid:b32cbb31-9b42-455e-8a83-aeed7f964464
11-29 19:33:54 com_github_MitjaNemec_ReplicateLayout.replicate_layout 991:Dst text UUid:5a9969fc-1f7b-4082-8a44-10da0af96d20
11-29 19:33:54 com_github_MitjaNemec_ReplicateLayout.replicate_layout 990:Src text UUid:a48fd64e-3de5-47d9-8cc5-0f01597bac20
11-29 19:33:54 com_github_MitjaNemec_ReplicateLayout.replicate_layout 991:Dst text UUid:fdb4edbf-b481-4e1d-81c1-e656e2f7c58c
11-29 19:33:54 com_github_MitjaNemec_ReplicateLayout.replicate_layout 888:Replicating footprint: 'R123'
11-29 19:33:54 com_github_MitjaNemec_ReplicateLayout.replicate_layout 835:Src fp.id: '556F27A2-2F93-418E-8536-AA4EB3C88CD5'
11-29 19:33:54 com_github_MitjaNemec_ReplicateLayout.replicate_layout 839:Dst fp.id: '556F27A2-2F93-418E-8536-AA4EB3C88CD5'
11-29 19:33:54 com_github_MitjaNemec_ReplicateLayout.replicate_layout 895:found match in dst footprint: 'R136'
11-29 19:33:54 com_github_MitjaNemec_ReplicateLayout.replicate_layout 990:Src text UUid:09d072ae-c86b-44be-b8bd-23fff373621f
11-29 19:33:54 com_github_MitjaNemec_ReplicateLayout.replicate_layout 991:Dst text UUid:4e7b3b9b-83a6-470c-b2d3-c07b69aa8a87
11-29 19:33:54 com_github_MitjaNemec_ReplicateLayout.replicate_layout 990:Src text UUid:ed158b61-1b8b-4ea2-8edd-06ef58d9033a
11-29 19:33:54 com_github_MitjaNemec_ReplicateLayout.replicate_layout 991:Dst text UUid:be54f8bc-6d7e-4d4f-90c1-20d8c64326eb
11-29 19:33:54 com_github_MitjaNemec_ReplicateLayout.replicate_layout 990:Src text UUid:4eb2293d-61d0-422d-b706-030fe8fbc5dd
11-29 19:33:54 com_github_MitjaNemec_ReplicateLayout.replicate_layout 991:Dst text UUid:95df5c60-3c2a-4728-89f4-102c0e1e8fc2
11-29 19:33:54 com_github_MitjaNemec_ReplicateLayout.replicate_layout 888:Replicating footprint: 'U28'
11-29 19:33:54 com_github_MitjaNemec_ReplicateLayout.replicate_layout 835:Src fp.id: 'EB700A3B-F765-4631-A983-08349E6BF621'
11-29 19:33:54 com_github_MitjaNemec_ReplicateLayout.replicate_layout 839:Dst fp.id: 'EB700A3B-F765-4631-A983-08349E6BF621'
11-29 19:33:54 com_github_MitjaNemec_ReplicateLayout.replicate_layout 895:found match in dst footprint: 'U37'
11-29 19:33:54 com_github_MitjaNemec_ReplicateLayout.replicate_layout 990:Src text UUid:4de1a9b8-a1af-41f3-96ad-16654e1fa126
11-29 19:33:54 com_github_MitjaNemec_ReplicateLayout.replicate_layout 991:Dst text UUid:f7e11d81-a3f7-4aa5-bcd4-8517be78fec9
11-29 19:33:54 com_github_MitjaNemec_ReplicateLayout.replicate_layout 990:Src text UUid:033f22e5-1a91-481c-950e-1802c97fb2cc
11-29 19:33:54 com_github_MitjaNemec_ReplicateLayout.replicate_layout 991:Dst text UUid:ab19e7a8-3be8-4a91-9c50-9c2a8ef467b0
11-29 19:33:54 com_github_MitjaNemec_ReplicateLayout.replicate_layout 990:Src text UUid:9b88ca83-ab69-4ec8-8247-a1e4a12df7da
11-29 19:33:54 com_github_MitjaNemec_ReplicateLayout.replicate_layout 991:Dst text UUid:4cb44786-110c-4fce-9204-0cceb23576e8
11-29 19:33:54 com_github_MitjaNemec_ReplicateLayout.replicate_layout 888:Replicating footprint: 'C39'
11-29 19:33:54 root 345:updating GUI with: 31
11-29 19:33:54 com_github_MitjaNemec_ReplicateLayout.replicate_layout 835:Src fp.id: 'C6C633D8-25AF-4915-BE43-87FF2E48B009'
11-29 19:33:54 com_github_MitjaNemec_ReplicateLayout.replicate_layout 839:Dst fp.id: 'C6C633D8-25AF-4915-BE43-87FF2E48B009'
11-29 19:33:54 com_github_MitjaNemec_ReplicateLayout.replicate_layout 895:found match in dst footprint: 'C51'
11-29 19:33:54 com_github_MitjaNemec_ReplicateLayout.replicate_layout 990:Src text UUid:00dd7ffd-b40d-480b-a74c-ad8c68c970c3
11-29 19:33:54 com_github_MitjaNemec_ReplicateLayout.replicate_layout 991:Dst text UUid:f0b79496-2ea1-4599-98ad-acf5dbdaee80
11-29 19:33:54 com_github_MitjaNemec_ReplicateLayout.replicate_layout 990:Src text UUid:17d14e3a-8d5b-4dc6-b6d7-9adb28cae851
11-29 19:33:54 com_github_MitjaNemec_ReplicateLayout.replicate_layout 991:Dst text UUid:ab7f92f4-2a50-487a-88a8-5f4f3264f70f
11-29 19:33:54 com_github_MitjaNemec_ReplicateLayout.replicate_layout 990:Src text UUid:a2bc0068-7e25-4772-a632-0b7d9aba9d98
11-29 19:33:54 com_github_MitjaNemec_ReplicateLayout.replicate_layout 991:Dst text UUid:9936ad72-b072-4a50-a14d-40dcc7a953bc
11-29 19:33:54 com_github_MitjaNemec_ReplicateLayout.replicate_layout 888:Replicating footprint: 'J6'
11-29 19:33:54 com_github_MitjaNemec_ReplicateLayout.replicate_layout 835:Src fp.id: '38EBED42-B15F-43FF-A461-8D733FA477B9'
11-29 19:33:54 com_github_MitjaNemec_ReplicateLayout.replicate_layout 839:Dst fp.id: '38EBED42-B15F-43FF-A461-8D733FA477B9'
11-29 19:33:54 com_github_MitjaNemec_ReplicateLayout.replicate_layout 895:found match in dst footprint: 'J12'
11-29 19:33:54 com_github_MitjaNemec_ReplicateLayout.replicate_layout 990:Src text UUid:8e29cebc-955b-4d4b-90ff-a66ea3a848bf
11-29 19:33:54 com_github_MitjaNemec_ReplicateLayout.replicate_layout 991:Dst text UUid:59b8cbf1-b0fb-4379-93d3-efc48ef6c23b
11-29 19:33:54 com_github_MitjaNemec_ReplicateLayout.replicate_layout 990:Src text UUid:f71730ac-5e4e-488f-baf3-4801abf943b2
11-29 19:33:54 com_github_MitjaNemec_ReplicateLayout.replicate_layout 991:Dst text UUid:5e919fb6-0a5c-4138-9be6-b602917a6a13
11-29 19:33:54 com_github_MitjaNemec_ReplicateLayout.replicate_layout 990:Src text UUid:a85a7341-1b69-4462-a3b5-e9e45002152a
11-29 19:33:54 com_github_MitjaNemec_ReplicateLayout.replicate_layout 991:Dst text UUid:4453b91b-10ef-40b5-880d-6963e126c28f
11-29 19:33:54 com_github_MitjaNemec_ReplicateLayout.replicate_layout 888:Replicating footprint: 'C120'
11-29 19:33:54 com_github_MitjaNemec_ReplicateLayout.replicate_layout 835:Src fp.id: 'FC599672-802E-42EB-AA87-0176BA6B31F3'
11-29 19:33:54 com_github_MitjaNemec_ReplicateLayout.replicate_layout 839:Dst fp.id: 'FC599672-802E-42EB-AA87-0176BA6B31F3'
11-29 19:33:54 com_github_MitjaNemec_ReplicateLayout.replicate_layout 895:found match in dst footprint: 'C122'
11-29 19:33:54 com_github_MitjaNemec_ReplicateLayout.replicate_layout 990:Src text UUid:6be65fe4-a3f2-497d-a0a3-4146230cc05c
11-29 19:33:54 com_github_MitjaNemec_ReplicateLayout.replicate_layout 991:Dst text UUid:ecb773ad-fcfa-4322-981e-1bda5a298ad2
11-29 19:33:54 com_github_MitjaNemec_ReplicateLayout.replicate_layout 990:Src text UUid:7e6837d4-c546-48ad-b093-72f97e3e42e4
11-29 19:33:54 com_github_MitjaNemec_ReplicateLayout.replicate_layout 991:Dst text UUid:94991819-6f5c-4d43-a5ae-4f065a8bc26f
11-29 19:33:54 com_github_MitjaNemec_ReplicateLayout.replicate_layout 990:Src text UUid:8bccd768-3576-4fe1-b55a-9eb7b3b79783
11-29 19:33:54 com_github_MitjaNemec_ReplicateLayout.replicate_layout 991:Dst text UUid:08533435-9c70-4b49-b86d-bef8015533fb
11-29 19:33:54 com_github_MitjaNemec_ReplicateLayout.replicate_layout 888:Replicating footprint: 'D22'
11-29 19:33:54 com_github_MitjaNemec_ReplicateLayout.replicate_layout 835:Src fp.id: '15EA97C7-30CA-47E2-951D-37253E19FA68'
11-29 19:33:54 com_github_MitjaNemec_ReplicateLayout.replicate_layout 839:Dst fp.id: '15EA97C7-30CA-47E2-951D-37253E19FA68'
11-29 19:33:54 com_github_MitjaNemec_ReplicateLayout.replicate_layout 895:found match in dst footprint: 'D32'
11-29 19:33:54 com_github_MitjaNemec_ReplicateLayout.replicate_layout 990:Src text UUid:1db7d337-70b6-4b27-a057-de5b6e3368ea
11-29 19:33:54 com_github_MitjaNemec_ReplicateLayout.replicate_layout 991:Dst text UUid:fa1f700e-777c-44d6-a328-31dd9d3deaaf
11-29 19:33:54 com_github_MitjaNemec_ReplicateLayout.replicate_layout 990:Src text UUid:4df6cf76-7a14-4f00-a355-dddfd572cf95
11-29 19:33:54 com_github_MitjaNemec_ReplicateLayout.replicate_layout 991:Dst text UUid:9572b9f6-2857-4ee1-b8c4-27e64002b618
11-29 19:33:54 com_github_MitjaNemec_ReplicateLayout.replicate_layout 990:Src text UUid:20b04f18-4d3b-48b0-af13-6b40e25e66e2
11-29 19:33:54 com_github_MitjaNemec_ReplicateLayout.replicate_layout 991:Dst text UUid:70822cc5-3d24-41b2-9373-2c0162d1351b
11-29 19:33:54 com_github_MitjaNemec_ReplicateLayout.replicate_layout 870:Replicating footprints on sheet ['/PT3/']
11-29 19:33:54 com_github_MitjaNemec_ReplicateLayout.replicate_layout 835:Src fp.id: '38EBED42-B15F-43FF-A461-8D733FA477B9'
11-29 19:33:54 com_github_MitjaNemec_ReplicateLayout.replicate_layout 839:Dst fp.id: '38EBED42-B15F-43FF-A461-8D733FA477B9'
11-29 19:33:54 com_github_MitjaNemec_ReplicateLayout.replicate_layout 888:Replicating footprint: 'R72'
11-29 19:33:54 com_github_MitjaNemec_ReplicateLayout.replicate_layout 835:Src fp.id: '52D9BD4D-516A-4ED9-A5C0-BAFE0143F7A3'
11-29 19:33:54 com_github_MitjaNemec_ReplicateLayout.replicate_layout 839:Dst fp.id: '52D9BD4D-516A-4ED9-A5C0-BAFE0143F7A3'
11-29 19:33:54 com_github_MitjaNemec_ReplicateLayout.replicate_layout 895:found match in dst footprint: 'R100'
11-29 19:33:54 com_github_MitjaNemec_ReplicateLayout.replicate_layout 990:Src text UUid:58572142-4347-4193-ba25-43b84ce94665
11-29 19:33:54 com_github_MitjaNemec_ReplicateLayout.replicate_layout 991:Dst text UUid:8cf1c903-a0ca-4426-9064-61e82f2f7503
11-29 19:33:54 com_github_MitjaNemec_ReplicateLayout.replicate_layout 990:Src text UUid:b32cbb31-9b42-455e-8a83-aeed7f964464
11-29 19:33:54 com_github_MitjaNemec_ReplicateLayout.replicate_layout 991:Dst text UUid:1f58b4fa-ad81-446e-b712-339af4d5c4a2
11-29 19:33:54 com_github_MitjaNemec_ReplicateLayout.replicate_layout 990:Src text UUid:a48fd64e-3de5-47d9-8cc5-0f01597bac20
11-29 19:33:54 com_github_MitjaNemec_ReplicateLayout.replicate_layout 991:Dst text UUid:1e909142-31d1-49d1-bace-44388d0e8bb5
11-29 19:33:54 com_github_MitjaNemec_ReplicateLayout.replicate_layout 888:Replicating footprint: 'R123'
11-29 19:33:54 root 345:updating GUI with: 45
11-29 19:33:54 com_github_MitjaNemec_ReplicateLayout.replicate_layout 835:Src fp.id: '556F27A2-2F93-418E-8536-AA4EB3C88CD5'
11-29 19:33:54 com_github_MitjaNemec_ReplicateLayout.replicate_layout 839:Dst fp.id: '556F27A2-2F93-418E-8536-AA4EB3C88CD5'
11-29 19:33:54 com_github_MitjaNemec_ReplicateLayout.replicate_layout 895:found match in dst footprint: 'R137'
11-29 19:33:54 com_github_MitjaNemec_ReplicateLayout.replicate_layout 990:Src text UUid:09d072ae-c86b-44be-b8bd-23fff373621f
11-29 19:33:54 com_github_MitjaNemec_ReplicateLayout.replicate_layout 991:Dst text UUid:7e3d8e76-0287-4b3b-887f-03d347cced7e
11-29 19:33:54 com_github_MitjaNemec_ReplicateLayout.replicate_layout 990:Src text UUid:ed158b61-1b8b-4ea2-8edd-06ef58d9033a
11-29 19:33:54 com_github_MitjaNemec_ReplicateLayout.replicate_layout 991:Dst text UUid:d8fa3d67-932e-40ed-b021-a313806f22aa
11-29 19:33:54 com_github_MitjaNemec_ReplicateLayout.replicate_layout 990:Src text UUid:4eb2293d-61d0-422d-b706-030fe8fbc5dd
11-29 19:33:54 com_github_MitjaNemec_ReplicateLayout.replicate_layout 991:Dst text UUid:57fbae9f-b597-44c0-9c94-bae9f7de64e8
11-29 19:33:54 com_github_MitjaNemec_ReplicateLayout.replicate_layout 888:Replicating footprint: 'U28'
11-29 19:33:54 com_github_MitjaNemec_ReplicateLayout.replicate_layout 835:Src fp.id: 'EB700A3B-F765-4631-A983-08349E6BF621'
11-29 19:33:54 com_github_MitjaNemec_ReplicateLayout.replicate_layout 839:Dst fp.id: 'EB700A3B-F765-4631-A983-08349E6BF621'
11-29 19:33:54 com_github_MitjaNemec_ReplicateLayout.replicate_layout 895:found match in dst footprint: 'U38'
11-29 19:33:54 com_github_MitjaNemec_ReplicateLayout.replicate_layout 990:Src text UUid:4de1a9b8-a1af-41f3-96ad-16654e1fa126
11-29 19:33:54 com_github_MitjaNemec_ReplicateLayout.replicate_layout 991:Dst text UUid:fe465450-35ae-4633-8a37-607b89decfb9
11-29 19:33:54 com_github_MitjaNemec_ReplicateLayout.replicate_layout 990:Src text UUid:033f22e5-1a91-481c-950e-1802c97fb2cc
11-29 19:33:54 com_github_MitjaNemec_ReplicateLayout.replicate_layout 991:Dst text UUid:5e30f252-aed5-4605-84e2-9da59ad44935
11-29 19:33:54 com_github_MitjaNemec_ReplicateLayout.replicate_layout 990:Src text UUid:9b88ca83-ab69-4ec8-8247-a1e4a12df7da
11-29 19:33:54 com_github_MitjaNemec_ReplicateLayout.replicate_layout 991:Dst text UUid:bcdf35d9-8405-427c-b695-57d548de46a1
11-29 19:33:54 com_github_MitjaNemec_ReplicateLayout.replicate_layout 888:Replicating footprint: 'C39'
11-29 19:33:54 com_github_MitjaNemec_ReplicateLayout.replicate_layout 835:Src fp.id: 'C6C633D8-25AF-4915-BE43-87FF2E48B009'
11-29 19:33:54 com_github_MitjaNemec_ReplicateLayout.replicate_layout 839:Dst fp.id: 'C6C633D8-25AF-4915-BE43-87FF2E48B009'
11-29 19:33:54 com_github_MitjaNemec_ReplicateLayout.replicate_layout 895:found match in dst footprint: 'C52'
11-29 19:33:54 com_github_MitjaNemec_ReplicateLayout.replicate_layout 990:Src text UUid:00dd7ffd-b40d-480b-a74c-ad8c68c970c3
11-29 19:33:54 com_github_MitjaNemec_ReplicateLayout.replicate_layout 991:Dst text UUid:fa31587f-1eca-44ec-8819-9f7a72eba861
11-29 19:33:54 com_github_MitjaNemec_ReplicateLayout.replicate_layout 990:Src text UUid:17d14e3a-8d5b-4dc6-b6d7-9adb28cae851
11-29 19:33:54 com_github_MitjaNemec_ReplicateLayout.replicate_layout 991:Dst text UUid:b8a47015-0b06-4785-ad76-8d0cdb93e4ab
11-29 19:33:54 com_github_MitjaNemec_ReplicateLayout.replicate_layout 990:Src text UUid:a2bc0068-7e25-4772-a632-0b7d9aba9d98
11-29 19:33:54 com_github_MitjaNemec_ReplicateLayout.replicate_layout 991:Dst text UUid:d8cc1521-1458-4afc-957b-bfe4550950e9
11-29 19:33:54 com_github_MitjaNemec_ReplicateLayout.replicate_layout 888:Replicating footprint: 'J6'
11-29 19:33:54 com_github_MitjaNemec_ReplicateLayout.replicate_layout 835:Src fp.id: '38EBED42-B15F-43FF-A461-8D733FA477B9'
11-29 19:33:54 com_github_MitjaNemec_ReplicateLayout.replicate_layout 839:Dst fp.id: '38EBED42-B15F-43FF-A461-8D733FA477B9'
11-29 19:33:54 com_github_MitjaNemec_ReplicateLayout.replicate_layout 895:found match in dst footprint: 'J13'
11-29 19:33:54 com_github_MitjaNemec_ReplicateLayout.replicate_layout 990:Src text UUid:8e29cebc-955b-4d4b-90ff-a66ea3a848bf
11-29 19:33:54 com_github_MitjaNemec_ReplicateLayout.replicate_layout 991:Dst text UUid:06c9470f-cb9d-4ac5-8aa4-8bdd7a5422c5
11-29 19:33:54 com_github_MitjaNemec_ReplicateLayout.replicate_layout 990:Src text UUid:f71730ac-5e4e-488f-baf3-4801abf943b2
11-29 19:33:54 com_github_MitjaNemec_ReplicateLayout.replicate_layout 991:Dst text UUid:7488b2c3-f9c9-4d04-b9f0-ce042d9aaf58
11-29 19:33:54 com_github_MitjaNemec_ReplicateLayout.replicate_layout 990:Src text UUid:a85a7341-1b69-4462-a3b5-e9e45002152a
11-29 19:33:54 com_github_MitjaNemec_ReplicateLayout.replicate_layout 991:Dst text UUid:b25ad42e-a7aa-4003-829d-a0c59edb893f
11-29 19:33:54 com_github_MitjaNemec_ReplicateLayout.replicate_layout 888:Replicating footprint: 'C120'
11-29 19:33:54 com_github_MitjaNemec_ReplicateLayout.replicate_layout 835:Src fp.id: 'FC599672-802E-42EB-AA87-0176BA6B31F3'
11-29 19:33:54 com_github_MitjaNemec_ReplicateLayout.replicate_layout 839:Dst fp.id: 'FC599672-802E-42EB-AA87-0176BA6B31F3'
11-29 19:33:54 com_github_MitjaNemec_ReplicateLayout.replicate_layout 895:found match in dst footprint: 'C123'
11-29 19:33:54 com_github_MitjaNemec_ReplicateLayout.replicate_layout 990:Src text UUid:6be65fe4-a3f2-497d-a0a3-4146230cc05c
11-29 19:33:54 com_github_MitjaNemec_ReplicateLayout.replicate_layout 991:Dst text UUid:41d6974c-1774-4c66-b67d-0800a233c5c1
11-29 19:33:54 com_github_MitjaNemec_ReplicateLayout.replicate_layout 990:Src text UUid:7e6837d4-c546-48ad-b093-72f97e3e42e4
11-29 19:33:54 com_github_MitjaNemec_ReplicateLayout.replicate_layout 991:Dst text UUid:8d6c2eed-b6d0-43ea-9e2d-bbf29da8dd36
11-29 19:33:54 com_github_MitjaNemec_ReplicateLayout.replicate_layout 990:Src text UUid:8bccd768-3576-4fe1-b55a-9eb7b3b79783
11-29 19:33:54 com_github_MitjaNemec_ReplicateLayout.replicate_layout 991:Dst text UUid:3c2cecd4-c860-42ef-8baf-ec6cff71bcf5
11-29 19:33:54 com_github_MitjaNemec_ReplicateLayout.replicate_layout 888:Replicating footprint: 'D22'
11-29 19:33:54 com_github_MitjaNemec_ReplicateLayout.replicate_layout 835:Src fp.id: '15EA97C7-30CA-47E2-951D-37253E19FA68'
11-29 19:33:54 com_github_MitjaNemec_ReplicateLayout.replicate_layout 839:Dst fp.id: '15EA97C7-30CA-47E2-951D-37253E19FA68'
11-29 19:33:54 com_github_MitjaNemec_ReplicateLayout.replicate_layout 895:found match in dst footprint: 'D33'
11-29 19:33:54 com_github_MitjaNemec_ReplicateLayout.replicate_layout 990:Src text UUid:1db7d337-70b6-4b27-a057-de5b6e3368ea
11-29 19:33:54 com_github_MitjaNemec_ReplicateLayout.replicate_layout 991:Dst text UUid:45439141-a323-4051-ae73-308977f65fd8
11-29 19:33:54 com_github_MitjaNemec_ReplicateLayout.replicate_layout 990:Src text UUid:4df6cf76-7a14-4f00-a355-dddfd572cf95
11-29 19:33:54 com_github_MitjaNemec_ReplicateLayout.replicate_layout 991:Dst text UUid:3e9807d7-ac82-4391-b040-df4080d693ea
11-29 19:33:54 com_github_MitjaNemec_ReplicateLayout.replicate_layout 990:Src text UUid:20b04f18-4d3b-48b0-af13-6b40e25e66e2
11-29 19:33:54 com_github_MitjaNemec_ReplicateLayout.replicate_layout 991:Dst text UUid:0c2c4a9c-bb52-4c35-92ed-2fd5b49971e4
11-29 19:33:54 root 345:updating GUI with: 60
11-29 19:33:54 com_github_MitjaNemec_ReplicateLayout.replicate_layout 870:Replicating footprints on sheet ['/PT4/']
11-29 19:33:54 com_github_MitjaNemec_ReplicateLayout.replicate_layout 835:Src fp.id: '38EBED42-B15F-43FF-A461-8D733FA477B9'
11-29 19:33:54 com_github_MitjaNemec_ReplicateLayout.replicate_layout 839:Dst fp.id: '38EBED42-B15F-43FF-A461-8D733FA477B9'
11-29 19:33:54 com_github_MitjaNemec_ReplicateLayout.replicate_layout 888:Replicating footprint: 'R72'
11-29 19:33:54 com_github_MitjaNemec_ReplicateLayout.replicate_layout 835:Src fp.id: '52D9BD4D-516A-4ED9-A5C0-BAFE0143F7A3'
11-29 19:33:54 com_github_MitjaNemec_ReplicateLayout.replicate_layout 839:Dst fp.id: '52D9BD4D-516A-4ED9-A5C0-BAFE0143F7A3'
11-29 19:33:54 com_github_MitjaNemec_ReplicateLayout.replicate_layout 895:found match in dst footprint: 'R110'
11-29 19:33:54 com_github_MitjaNemec_ReplicateLayout.replicate_layout 990:Src text UUid:58572142-4347-4193-ba25-43b84ce94665
11-29 19:33:54 com_github_MitjaNemec_ReplicateLayout.replicate_layout 991:Dst text UUid:b34a0f03-9979-4e3f-8acd-b6eea679ead2
11-29 19:33:54 com_github_MitjaNemec_ReplicateLayout.replicate_layout 990:Src text UUid:b32cbb31-9b42-455e-8a83-aeed7f964464
11-29 19:33:54 com_github_MitjaNemec_ReplicateLayout.replicate_layout 991:Dst text UUid:d04573cf-2c7b-4963-b8f5-7a34864ba2b4
11-29 19:33:54 com_github_MitjaNemec_ReplicateLayout.replicate_layout 990:Src text UUid:a48fd64e-3de5-47d9-8cc5-0f01597bac20
11-29 19:33:54 com_github_MitjaNemec_ReplicateLayout.replicate_layout 991:Dst text UUid:141b716a-d3a9-4007-a578-8ef24f9de8b9
11-29 19:33:54 com_github_MitjaNemec_ReplicateLayout.replicate_layout 888:Replicating footprint: 'R123'
11-29 19:33:54 com_github_MitjaNemec_ReplicateLayout.replicate_layout 835:Src fp.id: '556F27A2-2F93-418E-8536-AA4EB3C88CD5'
11-29 19:33:54 com_github_MitjaNemec_ReplicateLayout.replicate_layout 839:Dst fp.id: '556F27A2-2F93-418E-8536-AA4EB3C88CD5'
11-29 19:33:54 com_github_MitjaNemec_ReplicateLayout.replicate_layout 895:found match in dst footprint: 'R138'
11-29 19:33:54 com_github_MitjaNemec_ReplicateLayout.replicate_layout 990:Src text UUid:09d072ae-c86b-44be-b8bd-23fff373621f
11-29 19:33:54 com_github_MitjaNemec_ReplicateLayout.replicate_layout 991:Dst text UUid:33952516-1b9a-4934-be40-c9daec4302d2
11-29 19:33:54 com_github_MitjaNemec_ReplicateLayout.replicate_layout 990:Src text UUid:ed158b61-1b8b-4ea2-8edd-06ef58d9033a
11-29 19:33:54 com_github_MitjaNemec_ReplicateLayout.replicate_layout 991:Dst text UUid:cf8f6039-9643-46e3-9049-c1fb37ce59cb
11-29 19:33:54 com_github_MitjaNemec_ReplicateLayout.replicate_layout 990:Src text UUid:4eb2293d-61d0-422d-b706-030fe8fbc5dd
11-29 19:33:54 com_github_MitjaNemec_ReplicateLayout.replicate_layout 991:Dst text UUid:2069baaf-a4f8-4b3e-b3c5-e5876306ab64
11-29 19:33:54 com_github_MitjaNemec_ReplicateLayout.replicate_layout 888:Replicating footprint: 'U28'
11-29 19:33:54 com_github_MitjaNemec_ReplicateLayout.replicate_layout 835:Src fp.id: 'EB700A3B-F765-4631-A983-08349E6BF621'
11-29 19:33:54 com_github_MitjaNemec_ReplicateLayout.replicate_layout 839:Dst fp.id: 'EB700A3B-F765-4631-A983-08349E6BF621'
11-29 19:33:54 com_github_MitjaNemec_ReplicateLayout.replicate_layout 895:found match in dst footprint: 'U41'
11-29 19:33:54 com_github_MitjaNemec_ReplicateLayout.replicate_layout 990:Src text UUid:4de1a9b8-a1af-41f3-96ad-16654e1fa126
11-29 19:33:54 com_github_MitjaNemec_ReplicateLayout.replicate_layout 991:Dst text UUid:2584ff8f-03d7-4378-8ef0-980f4f2190d1
11-29 19:33:54 com_github_MitjaNemec_ReplicateLayout.replicate_layout 990:Src text UUid:033f22e5-1a91-481c-950e-1802c97fb2cc
11-29 19:33:54 com_github_MitjaNemec_ReplicateLayout.replicate_layout 991:Dst text UUid:c33f9f57-52fa-4308-bad5-5fa2ec68662f
11-29 19:33:54 com_github_MitjaNemec_ReplicateLayout.replicate_layout 990:Src text UUid:9b88ca83-ab69-4ec8-8247-a1e4a12df7da
11-29 19:33:54 com_github_MitjaNemec_ReplicateLayout.replicate_layout 991:Dst text UUid:3d235adc-1218-4f65-bb07-1a2513f81dd6
11-29 19:33:54 com_github_MitjaNemec_ReplicateLayout.replicate_layout 888:Replicating footprint: 'C39'
11-29 19:33:54 com_github_MitjaNemec_ReplicateLayout.replicate_layout 835:Src fp.id: 'C6C633D8-25AF-4915-BE43-87FF2E48B009'
11-29 19:33:54 com_github_MitjaNemec_ReplicateLayout.replicate_layout 839:Dst fp.id: 'C6C633D8-25AF-4915-BE43-87FF2E48B009'
11-29 19:33:54 com_github_MitjaNemec_ReplicateLayout.replicate_layout 895:found match in dst footprint: 'C91'
11-29 19:33:54 com_github_MitjaNemec_ReplicateLayout.replicate_layout 990:Src text UUid:00dd7ffd-b40d-480b-a74c-ad8c68c970c3
11-29 19:33:54 com_github_MitjaNemec_ReplicateLayout.replicate_layout 991:Dst text UUid:d94e75fa-e33d-409c-871d-1e73187dec92
11-29 19:33:54 com_github_MitjaNemec_ReplicateLayout.replicate_layout 990:Src text UUid:17d14e3a-8d5b-4dc6-b6d7-9adb28cae851
11-29 19:33:54 com_github_MitjaNemec_ReplicateLayout.replicate_layout 991:Dst text UUid:153efa29-1fa1-4bfb-892f-6d7a5e716d18
11-29 19:33:54 com_github_MitjaNemec_ReplicateLayout.replicate_layout 990:Src text UUid:a2bc0068-7e25-4772-a632-0b7d9aba9d98
11-29 19:33:54 com_github_MitjaNemec_ReplicateLayout.replicate_layout 991:Dst text UUid:f2eb523e-2317-463c-8515-79a6791de483
11-29 19:33:54 com_github_MitjaNemec_ReplicateLayout.replicate_layout 888:Replicating footprint: 'J6'
11-29 19:33:54 com_github_MitjaNemec_ReplicateLayout.replicate_layout 835:Src fp.id: '38EBED42-B15F-43FF-A461-8D733FA477B9'
11-29 19:33:54 com_github_MitjaNemec_ReplicateLayout.replicate_layout 839:Dst fp.id: '38EBED42-B15F-43FF-A461-8D733FA477B9'
11-29 19:33:54 com_github_MitjaNemec_ReplicateLayout.replicate_layout 895:found match in dst footprint: 'J18'
11-29 19:33:54 com_github_MitjaNemec_ReplicateLayout.replicate_layout 990:Src text UUid:8e29cebc-955b-4d4b-90ff-a66ea3a848bf
11-29 19:33:54 com_github_MitjaNemec_ReplicateLayout.replicate_layout 991:Dst text UUid:8e00062a-9757-4864-91ce-e1ce2aa346d4
11-29 19:33:54 com_github_MitjaNemec_ReplicateLayout.replicate_layout 990:Src text UUid:f71730ac-5e4e-488f-baf3-4801abf943b2
11-29 19:33:54 com_github_MitjaNemec_ReplicateLayout.replicate_layout 991:Dst text UUid:d884be96-9652-4c52-967d-3add4be158fe
11-29 19:33:54 com_github_MitjaNemec_ReplicateLayout.replicate_layout 990:Src text UUid:a85a7341-1b69-4462-a3b5-e9e45002152a
11-29 19:33:54 com_github_MitjaNemec_ReplicateLayout.replicate_layout 991:Dst text UUid:b4a3f362-06dc-442f-8dbf-6794370de182
11-29 19:33:54 com_github_MitjaNemec_ReplicateLayout.replicate_layout 888:Replicating footprint: 'C120'
11-29 19:33:54 com_github_MitjaNemec_ReplicateLayout.replicate_layout 835:Src fp.id: 'FC599672-802E-42EB-AA87-0176BA6B31F3'
11-29 19:33:54 com_github_MitjaNemec_ReplicateLayout.replicate_layout 839:Dst fp.id: 'FC599672-802E-42EB-AA87-0176BA6B31F3'
11-29 19:33:54 com_github_MitjaNemec_ReplicateLayout.replicate_layout 895:found match in dst footprint: 'C124'
11-29 19:33:54 com_github_MitjaNemec_ReplicateLayout.replicate_layout 990:Src text UUid:6be65fe4-a3f2-497d-a0a3-4146230cc05c
11-29 19:33:54 com_github_MitjaNemec_ReplicateLayout.replicate_layout 991:Dst text UUid:05b42da7-4f52-45f2-9381-1ea19e14bc23
11-29 19:33:54 com_github_MitjaNemec_ReplicateLayout.replicate_layout 990:Src text UUid:7e6837d4-c546-48ad-b093-72f97e3e42e4
11-29 19:33:54 com_github_MitjaNemec_ReplicateLayout.replicate_layout 991:Dst text UUid:ced9dd1e-5214-4092-b7e1-83fe7c478c3a
11-29 19:33:54 com_github_MitjaNemec_ReplicateLayout.replicate_layout 990:Src text UUid:8bccd768-3576-4fe1-b55a-9eb7b3b79783
11-29 19:33:54 com_github_MitjaNemec_ReplicateLayout.replicate_layout 991:Dst text UUid:15a20187-943d-4551-85b9-7f399034f41f
11-29 19:33:54 com_github_MitjaNemec_ReplicateLayout.replicate_layout 888:Replicating footprint: 'D22'
11-29 19:33:54 root 345:updating GUI with: 80
11-29 19:33:54 com_github_MitjaNemec_ReplicateLayout.replicate_layout 835:Src fp.id: '15EA97C7-30CA-47E2-951D-37253E19FA68'
11-29 19:33:54 com_github_MitjaNemec_ReplicateLayout.replicate_layout 839:Dst fp.id: '15EA97C7-30CA-47E2-951D-37253E19FA68'
11-29 19:33:54 com_github_MitjaNemec_ReplicateLayout.replicate_layout 895:found match in dst footprint: 'D37'
11-29 19:33:54 com_github_MitjaNemec_ReplicateLayout.replicate_layout 990:Src text UUid:1db7d337-70b6-4b27-a057-de5b6e3368ea
11-29 19:33:54 com_github_MitjaNemec_ReplicateLayout.replicate_layout 991:Dst text UUid:7ed808a0-997d-47e0-8a31-e261c7e09bac
11-29 19:33:54 com_github_MitjaNemec_ReplicateLayout.replicate_layout 990:Src text UUid:4df6cf76-7a14-4f00-a355-dddfd572cf95
11-29 19:33:54 com_github_MitjaNemec_ReplicateLayout.replicate_layout 991:Dst text UUid:bc083145-77bc-4e5a-82ef-eb67b6e37ff0
11-29 19:33:54 com_github_MitjaNemec_ReplicateLayout.replicate_layout 990:Src text UUid:20b04f18-4d3b-48b0-af13-6b40e25e66e2
11-29 19:33:54 com_github_MitjaNemec_ReplicateLayout.replicate_layout 991:Dst text UUid:1aa981c7-350a-4d0a-831f-b1554e2a47f9
11-29 19:33:54 com_github_MitjaNemec_ReplicateLayout.replicate_layout 870:Replicating footprints on sheet ['/PT5/']
11-29 19:33:54 com_github_MitjaNemec_ReplicateLayout.replicate_layout 835:Src fp.id: '38EBED42-B15F-43FF-A461-8D733FA477B9'
11-29 19:33:54 com_github_MitjaNemec_ReplicateLayout.replicate_layout 839:Dst fp.id: '38EBED42-B15F-43FF-A461-8D733FA477B9'
11-29 19:33:54 com_github_MitjaNemec_ReplicateLayout.replicate_layout 888:Replicating footprint: 'R72'
11-29 19:33:54 com_github_MitjaNemec_ReplicateLayout.replicate_layout 835:Src fp.id: '52D9BD4D-516A-4ED9-A5C0-BAFE0143F7A3'
11-29 19:33:54 com_github_MitjaNemec_ReplicateLayout.replicate_layout 839:Dst fp.id: '52D9BD4D-516A-4ED9-A5C0-BAFE0143F7A3'
11-29 19:33:54 com_github_MitjaNemec_ReplicateLayout.replicate_layout 895:found match in dst footprint: 'R113'
11-29 19:33:54 com_github_MitjaNemec_ReplicateLayout.replicate_layout 990:Src text UUid:58572142-4347-4193-ba25-43b84ce94665
11-29 19:33:54 com_github_MitjaNemec_ReplicateLayout.replicate_layout 991:Dst text UUid:908ab074-4c23-4434-8018-51708b1dadd2
11-29 19:33:54 com_github_MitjaNemec_ReplicateLayout.replicate_layout 990:Src text UUid:b32cbb31-9b42-455e-8a83-aeed7f964464
11-29 19:33:54 com_github_MitjaNemec_ReplicateLayout.replicate_layout 991:Dst text UUid:98c8a7f8-6966-4567-9019-726a456ba6a8
11-29 19:33:54 com_github_MitjaNemec_ReplicateLayout.replicate_layout 990:Src text UUid:a48fd64e-3de5-47d9-8cc5-0f01597bac20
11-29 19:33:54 com_github_MitjaNemec_ReplicateLayout.replicate_layout 991:Dst text UUid:516c3b61-d72e-4d95-9228-661048b6ec47
11-29 19:33:54 com_github_MitjaNemec_ReplicateLayout.replicate_layout 888:Replicating footprint: 'R123'
11-29 19:33:54 com_github_MitjaNemec_ReplicateLayout.replicate_layout 835:Src fp.id: '556F27A2-2F93-418E-8536-AA4EB3C88CD5'
11-29 19:33:54 com_github_MitjaNemec_ReplicateLayout.replicate_layout 839:Dst fp.id: '556F27A2-2F93-418E-8536-AA4EB3C88CD5'
11-29 19:33:54 com_github_MitjaNemec_ReplicateLayout.replicate_layout 895:found match in dst footprint: 'R139'
11-29 19:33:54 com_github_MitjaNemec_ReplicateLayout.replicate_layout 990:Src text UUid:09d072ae-c86b-44be-b8bd-23fff373621f
11-29 19:33:54 com_github_MitjaNemec_ReplicateLayout.replicate_layout 991:Dst text UUid:137dbc1c-7583-41be-bfb4-87b7f58a3355
11-29 19:33:54 com_github_MitjaNemec_ReplicateLayout.replicate_layout 990:Src text UUid:ed158b61-1b8b-4ea2-8edd-06ef58d9033a
11-29 19:33:54 com_github_MitjaNemec_ReplicateLayout.replicate_layout 991:Dst text UUid:34084c96-9b73-4bed-99e7-964507a4407e
11-29 19:33:54 com_github_MitjaNemec_ReplicateLayout.replicate_layout 990:Src text UUid:4eb2293d-61d0-422d-b706-030fe8fbc5dd
11-29 19:33:54 com_github_MitjaNemec_ReplicateLayout.replicate_layout 991:Dst text UUid:b87f0acd-a7b2-4fef-a152-8ac3f69121c5
11-29 19:33:54 com_github_MitjaNemec_ReplicateLayout.replicate_layout 888:Replicating footprint: 'U28'
11-29 19:33:54 com_github_MitjaNemec_ReplicateLayout.replicate_layout 835:Src fp.id: 'EB700A3B-F765-4631-A983-08349E6BF621'
11-29 19:33:54 com_github_MitjaNemec_ReplicateLayout.replicate_layout 839:Dst fp.id: 'EB700A3B-F765-4631-A983-08349E6BF621'
11-29 19:33:54 com_github_MitjaNemec_ReplicateLayout.replicate_layout 895:found match in dst footprint: 'U42'
11-29 19:33:54 com_github_MitjaNemec_ReplicateLayout.replicate_layout 990:Src text UUid:4de1a9b8-a1af-41f3-96ad-16654e1fa126
11-29 19:33:54 com_github_MitjaNemec_ReplicateLayout.replicate_layout 991:Dst text UUid:c66c295f-63d2-480d-81ad-6a0c45093626
11-29 19:33:54 com_github_MitjaNemec_ReplicateLayout.replicate_layout 990:Src text UUid:033f22e5-1a91-481c-950e-1802c97fb2cc
11-29 19:33:54 com_github_MitjaNemec_ReplicateLayout.replicate_layout 991:Dst text UUid:cc52e329-eca2-4e62-a115-96a4255a2a3d
11-29 19:33:54 com_github_MitjaNemec_ReplicateLayout.replicate_layout 990:Src text UUid:9b88ca83-ab69-4ec8-8247-a1e4a12df7da
11-29 19:33:54 com_github_MitjaNemec_ReplicateLayout.replicate_layout 991:Dst text UUid:1a618ca4-cc13-469d-9deb-0c456c98784d
11-29 19:33:54 com_github_MitjaNemec_ReplicateLayout.replicate_layout 888:Replicating footprint: 'C39'
11-29 19:33:54 com_github_MitjaNemec_ReplicateLayout.replicate_layout 835:Src fp.id: 'C6C633D8-25AF-4915-BE43-87FF2E48B009'
11-29 19:33:54 com_github_MitjaNemec_ReplicateLayout.replicate_layout 839:Dst fp.id: 'C6C633D8-25AF-4915-BE43-87FF2E48B009'
11-29 19:33:54 com_github_MitjaNemec_ReplicateLayout.replicate_layout 895:found match in dst footprint: 'C92'
11-29 19:33:54 com_github_MitjaNemec_ReplicateLayout.replicate_layout 990:Src text UUid:00dd7ffd-b40d-480b-a74c-ad8c68c970c3
11-29 19:33:54 com_github_MitjaNemec_ReplicateLayout.replicate_layout 991:Dst text UUid:01d16594-613f-478d-914b-af216391f319
11-29 19:33:54 com_github_MitjaNemec_ReplicateLayout.replicate_layout 990:Src text UUid:17d14e3a-8d5b-4dc6-b6d7-9adb28cae851
11-29 19:33:54 com_github_MitjaNemec_ReplicateLayout.replicate_layout 991:Dst text UUid:abe8da1f-6258-4239-b94c-50d8037258d8
11-29 19:33:54 com_github_MitjaNemec_ReplicateLayout.replicate_layout 990:Src text UUid:a2bc0068-7e25-4772-a632-0b7d9aba9d98
11-29 19:33:54 com_github_MitjaNemec_ReplicateLayout.replicate_layout 991:Dst text UUid:59c17699-94ca-4ea8-896b-e053e40fd30e
11-29 19:33:54 com_github_MitjaNemec_ReplicateLayout.replicate_layout 888:Replicating footprint: 'J6'
11-29 19:33:54 com_github_MitjaNemec_ReplicateLayout.replicate_layout 835:Src fp.id: '38EBED42-B15F-43FF-A461-8D733FA477B9'
11-29 19:33:54 com_github_MitjaNemec_ReplicateLayout.replicate_layout 839:Dst fp.id: '38EBED42-B15F-43FF-A461-8D733FA477B9'
11-29 19:33:54 com_github_MitjaNemec_ReplicateLayout.replicate_layout 895:found match in dst footprint: 'J19'
11-29 19:33:54 com_github_MitjaNemec_ReplicateLayout.replicate_layout 990:Src text UUid:8e29cebc-955b-4d4b-90ff-a66ea3a848bf
11-29 19:33:54 com_github_MitjaNemec_ReplicateLayout.replicate_layout 991:Dst text UUid:d0f0fb27-bfac-4d17-95a0-5ce05a11ea86
11-29 19:33:54 com_github_MitjaNemec_ReplicateLayout.replicate_layout 990:Src text UUid:f71730ac-5e4e-488f-baf3-4801abf943b2
11-29 19:33:54 com_github_MitjaNemec_ReplicateLayout.replicate_layout 991:Dst text UUid:c86fcee9-5857-4af7-b555-5fa175cf15e0
11-29 19:33:54 com_github_MitjaNemec_ReplicateLayout.replicate_layout 990:Src text UUid:a85a7341-1b69-4462-a3b5-e9e45002152a
11-29 19:33:54 com_github_MitjaNemec_ReplicateLayout.replicate_layout 991:Dst text UUid:363305ae-b557-432b-b426-1fa05f2df6ed
11-29 19:33:54 com_github_MitjaNemec_ReplicateLayout.replicate_layout 888:Replicating footprint: 'C120'
11-29 19:33:54 root 345:updating GUI with: 97
11-29 19:33:54 com_github_MitjaNemec_ReplicateLayout.replicate_layout 835:Src fp.id: 'FC599672-802E-42EB-AA87-0176BA6B31F3'
11-29 19:33:54 com_github_MitjaNemec_ReplicateLayout.replicate_layout 839:Dst fp.id: 'FC599672-802E-42EB-AA87-0176BA6B31F3'
11-29 19:33:54 com_github_MitjaNemec_ReplicateLayout.replicate_layout 895:found match in dst footprint: 'C125'
11-29 19:33:54 com_github_MitjaNemec_ReplicateLayout.replicate_layout 990:Src text UUid:6be65fe4-a3f2-497d-a0a3-4146230cc05c
11-29 19:33:54 com_github_MitjaNemec_ReplicateLayout.replicate_layout 991:Dst text UUid:55a03848-02f9-45d5-8473-5f47b2566252
11-29 19:33:54 com_github_MitjaNemec_ReplicateLayout.replicate_layout 990:Src text UUid:7e6837d4-c546-48ad-b093-72f97e3e42e4
11-29 19:33:54 com_github_MitjaNemec_ReplicateLayout.replicate_layout 991:Dst text UUid:0c024858-e094-41ca-94ba-b097c75b9d19
11-29 19:33:54 com_github_MitjaNemec_ReplicateLayout.replicate_layout 990:Src text UUid:8bccd768-3576-4fe1-b55a-9eb7b3b79783
11-29 19:33:54 com_github_MitjaNemec_ReplicateLayout.replicate_layout 991:Dst text UUid:3c36de38-8247-4deb-8cc8-4b153c17de7d
11-29 19:33:54 com_github_MitjaNemec_ReplicateLayout.replicate_layout 888:Replicating footprint: 'D22'
11-29 19:33:54 com_github_MitjaNemec_ReplicateLayout.replicate_layout 835:Src fp.id: '15EA97C7-30CA-47E2-951D-37253E19FA68'
11-29 19:33:54 com_github_MitjaNemec_ReplicateLayout.replicate_layout 839:Dst fp.id: '15EA97C7-30CA-47E2-951D-37253E19FA68'
11-29 19:33:54 com_github_MitjaNemec_ReplicateLayout.replicate_layout 895:found match in dst footprint: 'D38'
11-29 19:33:54 com_github_MitjaNemec_ReplicateLayout.replicate_layout 990:Src text UUid:1db7d337-70b6-4b27-a057-de5b6e3368ea
11-29 19:33:54 com_github_MitjaNemec_ReplicateLayout.replicate_layout 991:Dst text UUid:6167be82-03cd-45c4-bfbd-61e37922e817
11-29 19:33:54 com_github_MitjaNemec_ReplicateLayout.replicate_layout 990:Src text UUid:4df6cf76-7a14-4f00-a355-dddfd572cf95
11-29 19:33:54 com_github_MitjaNemec_ReplicateLayout.replicate_layout 991:Dst text UUid:199924a6-c5e0-4eaf-8af3-5170d8358d95
11-29 19:33:54 com_github_MitjaNemec_ReplicateLayout.replicate_layout 990:Src text UUid:20b04f18-4d3b-48b0-af13-6b40e25e66e2
11-29 19:33:54 com_github_MitjaNemec_ReplicateLayout.replicate_layout 991:Dst text UUid:55533d61-81d9-434b-9b46-a3c3ced04137
11-29 19:33:54 root 340:updating GUI message: 'Replicating tracks'
11-29 19:33:54 com_github_MitjaNemec_ReplicateLayout.replicate_layout 1014:Replicating tracks
11-29 19:33:54 com_github_MitjaNemec_ReplicateLayout.replicate_layout 1020:Replicating tracks on sheet ['/PT1/']
11-29 19:33:54 com_github_MitjaNemec_ReplicateLayout.replicate_layout 835:Src fp.id: '38EBED42-B15F-43FF-A461-8D733FA477B9'
11-29 19:33:54 com_github_MitjaNemec_ReplicateLayout.replicate_layout 839:Dst fp.id: '38EBED42-B15F-43FF-A461-8D733FA477B9'
11-29 19:33:54 com_github_MitjaNemec_ReplicateLayout.replicate_layout 792:Net pairs for sheet ['/PT1/'] :[('', ''), ('Net-(D22-K)', 'Net-(D31-K)'), ('+24V', '+24V'), ('PT0', 'PT1'), ('+3.3V', '+3.3V'), ('Net-(J6-Pin_2)', 'Net-(J11-Pin_2)'), ('GND', 'GND')]
11-29 19:33:54 com_github_MitjaNemec_ReplicateLayout.replicate_layout 1020:Replicating tracks on sheet ['/PT2/']
11-29 19:33:54 com_github_MitjaNemec_ReplicateLayout.replicate_layout 835:Src fp.id: '38EBED42-B15F-43FF-A461-8D733FA477B9'
11-29 19:33:54 com_github_MitjaNemec_ReplicateLayout.replicate_layout 839:Dst fp.id: '38EBED42-B15F-43FF-A461-8D733FA477B9'
11-29 19:33:54 com_github_MitjaNemec_ReplicateLayout.replicate_layout 792:Net pairs for sheet ['/PT2/'] :[('', ''), ('+24V', '+24V'), ('Net-(J6-Pin_2)', 'Net-(J12-Pin_2)'), ('Net-(D22-K)', 'Net-(D32-K)'), ('PT0', 'PT2'), ('+3.3V', '+3.3V'), ('GND', 'GND')]
11-29 19:33:54 root 345:updating GUI with: 23
11-29 19:33:54 com_github_MitjaNemec_ReplicateLayout.replicate_layout 1020:Replicating tracks on sheet ['/PT3/']
11-29 19:33:54 com_github_MitjaNemec_ReplicateLayout.replicate_layout 835:Src fp.id: '38EBED42-B15F-43FF-A461-8D733FA477B9'
11-29 19:33:54 com_github_MitjaNemec_ReplicateLayout.replicate_layout 839:Dst fp.id: '38EBED42-B15F-43FF-A461-8D733FA477B9'
11-29 19:33:54 com_github_MitjaNemec_ReplicateLayout.replicate_layout 792:Net pairs for sheet ['/PT3/'] :[('', ''), ('Net-(J6-Pin_2)', 'Net-(J13-Pin_2)'), ('+24V', '+24V'), ('PT0', 'PT3'), ('+3.3V', '+3.3V'), ('Net-(D22-K)', 'Net-(D33-K)'), ('GND', 'GND')]
11-29 19:33:54 com_github_MitjaNemec_ReplicateLayout.replicate_layout 1020:Replicating tracks on sheet ['/PT4/']
11-29 19:33:54 com_github_MitjaNemec_ReplicateLayout.replicate_layout 835:Src fp.id: '38EBED42-B15F-43FF-A461-8D733FA477B9'
11-29 19:33:54 com_github_MitjaNemec_ReplicateLayout.replicate_layout 839:Dst fp.id: '38EBED42-B15F-43FF-A461-8D733FA477B9'
11-29 19:33:54 com_github_MitjaNemec_ReplicateLayout.replicate_layout 792:Net pairs for sheet ['/PT4/'] :[('', ''), ('+24V', '+24V'), ('PT0', 'PT4'), ('Net-(J6-Pin_2)', 'Net-(J18-Pin_2)'), ('+3.3V', '+3.3V'), ('GND', 'GND'), ('Net-(D22-K)', 'Net-(D37-K)')]
11-29 19:33:54 com_github_MitjaNemec_ReplicateLayout.replicate_layout 1020:Replicating tracks on sheet ['/PT5/']
11-29 19:33:54 com_github_MitjaNemec_ReplicateLayout.replicate_layout 835:Src fp.id: '38EBED42-B15F-43FF-A461-8D733FA477B9'
11-29 19:33:54 com_github_MitjaNemec_ReplicateLayout.replicate_layout 839:Dst fp.id: '38EBED42-B15F-43FF-A461-8D733FA477B9'
11-29 19:33:54 com_github_MitjaNemec_ReplicateLayout.replicate_layout 792:Net pairs for sheet ['/PT5/'] :[('Net-(J6-Pin_2)', 'Net-(J19-Pin_2)'), ('PT0', 'PT5'), ('', ''), ('+24V', '+24V'), ('+3.3V', '+3.3V'), ('Net-(D22-K)', 'Net-(D38-K)'), ('GND', 'GND')]
11-29 19:33:54 root 345:updating GUI with: 82
11-29 19:33:54 root 340:updating GUI message: 'Replicating zones'
11-29 19:33:54 com_github_MitjaNemec_ReplicateLayout.replicate_layout 1084:Replicating zones
11-29 19:33:54 com_github_MitjaNemec_ReplicateLayout.replicate_layout 1091:Replicating zones on sheet ['/PT1/']
11-29 19:33:54 com_github_MitjaNemec_ReplicateLayout.replicate_layout 835:Src fp.id: '38EBED42-B15F-43FF-A461-8D733FA477B9'
11-29 19:33:54 com_github_MitjaNemec_ReplicateLayout.replicate_layout 839:Dst fp.id: '38EBED42-B15F-43FF-A461-8D733FA477B9'
11-29 19:33:54 com_github_MitjaNemec_ReplicateLayout.replicate_layout 792:Net pairs for sheet ['/PT1/'] :[('', ''), ('Net-(D22-K)', 'Net-(D31-K)'), ('+24V', '+24V'), ('PT0', 'PT1'), ('+3.3V', '+3.3V'), ('Net-(J6-Pin_2)', 'Net-(J11-Pin_2)'), ('GND', 'GND')]
11-29 19:33:54 com_github_MitjaNemec_ReplicateLayout.replicate_layout 1091:Replicating zones on sheet ['/PT2/']
11-29 19:33:54 com_github_MitjaNemec_ReplicateLayout.replicate_layout 835:Src fp.id: '38EBED42-B15F-43FF-A461-8D733FA477B9'
11-29 19:33:54 com_github_MitjaNemec_ReplicateLayout.replicate_layout 839:Dst fp.id: '38EBED42-B15F-43FF-A461-8D733FA477B9'
11-29 19:33:54 com_github_MitjaNemec_ReplicateLayout.replicate_layout 792:Net pairs for sheet ['/PT2/'] :[('', ''), ('+24V', '+24V'), ('Net-(J6-Pin_2)', 'Net-(J12-Pin_2)'), ('Net-(D22-K)', 'Net-(D32-K)'), ('PT0', 'PT2'), ('+3.3V', '+3.3V'), ('GND', 'GND')]
11-29 19:33:54 com_github_MitjaNemec_ReplicateLayout.replicate_layout 1091:Replicating zones on sheet ['/PT3/']
11-29 19:33:54 com_github_MitjaNemec_ReplicateLayout.replicate_layout 835:Src fp.id: '38EBED42-B15F-43FF-A461-8D733FA477B9'
11-29 19:33:54 com_github_MitjaNemec_ReplicateLayout.replicate_layout 839:Dst fp.id: '38EBED42-B15F-43FF-A461-8D733FA477B9'
11-29 19:33:54 com_github_MitjaNemec_ReplicateLayout.replicate_layout 792:Net pairs for sheet ['/PT3/'] :[('', ''), ('Net-(J6-Pin_2)', 'Net-(J13-Pin_2)'), ('+24V', '+24V'), ('PT0', 'PT3'), ('+3.3V', '+3.3V'), ('Net-(D22-K)', 'Net-(D33-K)'), ('GND', 'GND')]
11-29 19:33:54 com_github_MitjaNemec_ReplicateLayout.replicate_layout 1091:Replicating zones on sheet ['/PT4/']
11-29 19:33:54 com_github_MitjaNemec_ReplicateLayout.replicate_layout 835:Src fp.id: '38EBED42-B15F-43FF-A461-8D733FA477B9'
11-29 19:33:54 com_github_MitjaNemec_ReplicateLayout.replicate_layout 839:Dst fp.id: '38EBED42-B15F-43FF-A461-8D733FA477B9'
11-29 19:33:54 com_github_MitjaNemec_ReplicateLayout.replicate_layout 792:Net pairs for sheet ['/PT4/'] :[('', ''), ('+24V', '+24V'), ('PT0', 'PT4'), ('Net-(J6-Pin_2)', 'Net-(J18-Pin_2)'), ('+3.3V', '+3.3V'), ('GND', 'GND'), ('Net-(D22-K)', 'Net-(D37-K)')]
11-29 19:33:54 root 345:updating GUI with: 80
11-29 19:33:54 com_github_MitjaNemec_ReplicateLayout.replicate_layout 1091:Replicating zones on sheet ['/PT5/']
11-29 19:33:54 com_github_MitjaNemec_ReplicateLayout.replicate_layout 835:Src fp.id: '38EBED42-B15F-43FF-A461-8D733FA477B9'
11-29 19:33:54 com_github_MitjaNemec_ReplicateLayout.replicate_layout 839:Dst fp.id: '38EBED42-B15F-43FF-A461-8D733FA477B9'
11-29 19:33:54 com_github_MitjaNemec_ReplicateLayout.replicate_layout 792:Net pairs for sheet ['/PT5/'] :[('Net-(J6-Pin_2)', 'Net-(J19-Pin_2)'), ('PT0', 'PT5'), ('', ''), ('+24V', '+24V'), ('+3.3V', '+3.3V'), ('Net-(D22-K)', 'Net-(D38-K)'), ('GND', 'GND')]
11-29 19:33:54 root 340:updating GUI message: 'Replicating text'
11-29 19:33:54 com_github_MitjaNemec_ReplicateLayout.replicate_layout 1173:Replicating text
11-29 19:33:54 com_github_MitjaNemec_ReplicateLayout.replicate_layout 1180:Replicating text on sheet ['/PT1/']
11-29 19:33:54 com_github_MitjaNemec_ReplicateLayout.replicate_layout 835:Src fp.id: '38EBED42-B15F-43FF-A461-8D733FA477B9'
11-29 19:33:54 com_github_MitjaNemec_ReplicateLayout.replicate_layout 839:Dst fp.id: '38EBED42-B15F-43FF-A461-8D733FA477B9'
11-29 19:33:54 com_github_MitjaNemec_ReplicateLayout.replicate_layout 1180:Replicating text on sheet ['/PT2/']
11-29 19:33:54 com_github_MitjaNemec_ReplicateLayout.replicate_layout 835:Src fp.id: '38EBED42-B15F-43FF-A461-8D733FA477B9'
11-29 19:33:54 com_github_MitjaNemec_ReplicateLayout.replicate_layout 839:Dst fp.id: '38EBED42-B15F-43FF-A461-8D733FA477B9'
11-29 19:33:54 com_github_MitjaNemec_ReplicateLayout.replicate_layout 1180:Replicating text on sheet ['/PT3/']
11-29 19:33:54 com_github_MitjaNemec_ReplicateLayout.replicate_layout 835:Src fp.id: '38EBED42-B15F-43FF-A461-8D733FA477B9'
11-29 19:33:54 com_github_MitjaNemec_ReplicateLayout.replicate_layout 839:Dst fp.id: '38EBED42-B15F-43FF-A461-8D733FA477B9'
11-29 19:33:54 com_github_MitjaNemec_ReplicateLayout.replicate_layout 1180:Replicating text on sheet ['/PT4/']
11-29 19:33:54 com_github_MitjaNemec_ReplicateLayout.replicate_layout 835:Src fp.id: '38EBED42-B15F-43FF-A461-8D733FA477B9'
11-29 19:33:54 com_github_MitjaNemec_ReplicateLayout.replicate_layout 839:Dst fp.id: '38EBED42-B15F-43FF-A461-8D733FA477B9'
11-29 19:33:54 com_github_MitjaNemec_ReplicateLayout.replicate_layout 1180:Replicating text on sheet ['/PT5/']
11-29 19:33:54 com_github_MitjaNemec_ReplicateLayout.replicate_layout 835:Src fp.id: '38EBED42-B15F-43FF-A461-8D733FA477B9'
11-29 19:33:54 com_github_MitjaNemec_ReplicateLayout.replicate_layout 839:Dst fp.id: '38EBED42-B15F-43FF-A461-8D733FA477B9'
11-29 19:33:54 root 340:updating GUI message: 'Replicating drawings'
11-29 19:33:54 com_github_MitjaNemec_ReplicateLayout.replicate_layout 1224:Replicating drawings
11-29 19:33:54 root 345:updating GUI with: 0
11-29 19:33:54 com_github_MitjaNemec_ReplicateLayout.replicate_layout 1230:Replicating drawings on sheet ['/PT1/']
11-29 19:33:54 com_github_MitjaNemec_ReplicateLayout.replicate_layout 835:Src fp.id: '38EBED42-B15F-43FF-A461-8D733FA477B9'
11-29 19:33:54 com_github_MitjaNemec_ReplicateLayout.replicate_layout 839:Dst fp.id: '38EBED42-B15F-43FF-A461-8D733FA477B9'
11-29 19:33:54 com_github_MitjaNemec_ReplicateLayout.replicate_layout 1230:Replicating drawings on sheet ['/PT2/']
11-29 19:33:54 com_github_MitjaNemec_ReplicateLayout.replicate_layout 835:Src fp.id: '38EBED42-B15F-43FF-A461-8D733FA477B9'
11-29 19:33:54 com_github_MitjaNemec_ReplicateLayout.replicate_layout 839:Dst fp.id: '38EBED42-B15F-43FF-A461-8D733FA477B9'
11-29 19:33:54 com_github_MitjaNemec_ReplicateLayout.replicate_layout 1230:Replicating drawings on sheet ['/PT3/']
11-29 19:33:54 com_github_MitjaNemec_ReplicateLayout.replicate_layout 835:Src fp.id: '38EBED42-B15F-43FF-A461-8D733FA477B9'
11-29 19:33:54 com_github_MitjaNemec_ReplicateLayout.replicate_layout 839:Dst fp.id: '38EBED42-B15F-43FF-A461-8D733FA477B9'
11-29 19:33:54 com_github_MitjaNemec_ReplicateLayout.replicate_layout 1230:Replicating drawings on sheet ['/PT4/']
11-29 19:33:54 com_github_MitjaNemec_ReplicateLayout.replicate_layout 835:Src fp.id: '38EBED42-B15F-43FF-A461-8D733FA477B9'
11-29 19:33:54 com_github_MitjaNemec_ReplicateLayout.replicate_layout 839:Dst fp.id: '38EBED42-B15F-43FF-A461-8D733FA477B9'
11-29 19:33:54 com_github_MitjaNemec_ReplicateLayout.replicate_layout 1230:Replicating drawings on sheet ['/PT5/']
11-29 19:33:54 com_github_MitjaNemec_ReplicateLayout.replicate_layout 835:Src fp.id: '38EBED42-B15F-43FF-A461-8D733FA477B9'
11-29 19:33:54 com_github_MitjaNemec_ReplicateLayout.replicate_layout 839:Dst fp.id: '38EBED42-B15F-43FF-A461-8D733FA477B9'
11-29 19:33:59 com_github_MitjaNemec_ReplicateLayout.action_replicate_layout 264:Replication complete
